#
# There is insufficient memory for the Java Runtime Environment to continue.
# Native memory allocation (mmap) failed to map 130023424 bytes for G1 virtual space
# Possible reasons:
#   The system is out of physical RAM or swap space
#   The process is running with CompressedOops enabled, and the Java Heap may be blocking the growth of the native heap
# Possible solutions:
#   Reduce memory load on the system
#   Increase physical memory or swap space
#   Check if swap backing store is full
#   Decrease Java heap size (-Xmx/-Xms)
#   Decrease number of Java threads
#   Decrease Java thread stack sizes (-Xss)
#   Set larger code cache with -XX:ReservedCodeCacheSize=
#   JVM is running with Unscaled Compressed Oops mode in which the Java heap is
#     placed in the first 4GB address space. The Java Heap base address is the
#     maximum limit for the native heap growth. Please use -XX:HeapBaseMinAddress
#     to set the Java Heap base and to place the Java Heap above 4GB virtual address.
# This output file may be truncated or incomplete.
#
#  Out of Memory Error (./open/src/hotspot/os/windows/os_windows.cpp:3321), pid=2412, tid=18736
#
# JRE version:  (15.0.2+7) (build )
# Java VM: OpenJDK 64-Bit Server VM (15.0.2+7-27, mixed mode, sharing, tiered, compressed oops, g1 gc, windows-amd64)
# No core dump will be written. Minidumps are not enabled by default on client versions of Windows
#

---------------  S U M M A R Y ------------

Command Line: -javaagent:C:\Program Files\JetBrains\IntelliJ IDEA Community Edition 2020.3.1\lib\idea_rt.jar=56113:C:\Program Files\JetBrains\IntelliJ IDEA Community Edition 2020.3.1\bin -Dfile.encoding=UTF-8 com.github.naruseon.beakjoon.gold.BOJ1916

Host: 11th Gen Intel(R) Core(TM) i7-1165G7 @ 2.80GHz, 8 cores, 7G,  Windows 10 , 64 bit Build 22621 (10.0.22621.1194)
Time: Sun Mar 19 21:08:52 2023 대한민국 표준시 elapsed time: 0.029993 seconds (0d 0h 0m 0s)

---------------  T H R E A D  ---------------

Current thread (0x000001e1396c09a0):  JavaThread "Unknown thread" [_thread_in_vm, id=18736, stack(0x000000239b900000,0x000000239ba00000)]

Stack: [0x000000239b900000,0x000000239ba00000]
Native frames: (J=compiled Java code, j=interpreted, Vv=VM code, C=native code)
V  [jvm.dll+0x62ae9a]
V  [jvm.dll+0x7817a9]
V  [jvm.dll+0x782f03]
V  [jvm.dll+0x783563]
V  [jvm.dll+0x216325]
V  [jvm.dll+0x6281d9]
V  [jvm.dll+0x61cf55]
V  [jvm.dll+0x2cffdd]
V  [jvm.dll+0x2cfe42]
V  [jvm.dll+0x2d5e1c]
V  [jvm.dll+0x32590a]
V  [jvm.dll+0x324fd4]
V  [jvm.dll+0x2a6f5a]
V  [jvm.dll+0x2a80f8]
V  [jvm.dll+0x75e241]
V  [jvm.dll+0x3341c4]
V  [jvm.dll+0x73e926]
V  [jvm.dll+0x3b7557]
V  [jvm.dll+0x3b8fe1]
C  [jli.dll+0x52fb]
C  [ucrtbase.dll+0x29363]
C  [KERNEL32.DLL+0x126bd]
C  [ntdll.dll+0x5dfb8]


---------------  P R O C E S S  ---------------

Threads class SMR info:
_java_thread_list=0x00007ffa8ac24ff0, length=0, elements={
}

Java Threads: ( => current thread )

Other Threads:
  0x000001e1396fe570 GCTaskThread "GC Thread#0" [stack: 0x000000239ba00000,0x000000239bb00000] [id=10536]
  0x000001e13970ff30 ConcurrentGCThread "G1 Main Marker" [stack: 0x000000239bb00000,0x000000239bc00000] [id=4588]
  0x000001e1397112c0 ConcurrentGCThread "G1 Conc#0" [stack: 0x000000239bc00000,0x000000239bd00000] [id=26184]

[error occurred during error reporting (printing all threads), id 0xc0000005, EXCEPTION_ACCESS_VIOLATION (0xc0000005) at pc=0x00007ffa8a417e27]

VM state: not at safepoint (not fully initialized)

VM Mutex/Monitor currently owned by a thread:  ([mutex/lock_event])
[0x000001e1396bc810] Heap_lock - owner thread: 0x000001e1396c09a0

Heap address: 0x0000000084800000, size: 1976 MB, Compressed Oops mode: 32-bit
CDS archive(s) mapped at: [0x0000000000000000-0x0000000000000000-0x0000000000000000), size 0, SharedBaseAddress: 0x0000000800000000, ArchiveRelocationMode: 0.
Narrow klass base: 0x0000000000000000, Narrow klass shift: 0, Narrow klass range: 0x0

Heap:
 garbage-first heap   total 126976K, used 0K [0x0000000084800000, 0x0000000100000000)
  region size 1024K, 0 young (0K), 0 survivors (0K)
 Metaspace       used 0K, capacity 0K, committed 0K, reserved 0K
  class space    used 0K, capacity 0K, committed 0K, reserved 0K

Heap Regions: E=young(eden), S=young(survivor), O=old, HS=humongous(starts), HC=humongous(continues), CS=collection set, F=free, OA=open archive, CA=closed archive, TAMS=top-at-mark-start (previous, next)

Card table byte_map: [0x000001e152f20000,0x000001e153300000] _byte_map_base: 0x000001e152afc000

Marking Bits (Prev, Next): (CMBitMap*) 0x000001e1396ffd70, (CMBitMap*) 0x000001e1396ffdb0
 Prev Bits: [0x000001e1536e0000, 0x000001e1555c0000)
 Next Bits: [0x000001e1555c0000, 0x000001e1574a0000)

GC Heap History (0 events):
No events

Deoptimization events (0 events):
No events

Classes unloaded (0 events):
No events

Classes redefined (0 events):
No events

Internal exceptions (0 events):
No events

Events (1 events):
Event: 0.014 Loaded shared library C:\Users\narus\.jdks\openjdk-15.0.2\bin\java.dll


Dynamic libraries:
0x00007ff759770000 - 0x00007ff75977d000 	C:\Users\narus\.jdks\openjdk-15.0.2\bin\java.exe
0x00007ffb2a750000 - 0x00007ffb2a964000 	C:\WINDOWS\SYSTEM32\ntdll.dll
0x00007ffb28a10000 - 0x00007ffb28ad3000 	C:\WINDOWS\System32\KERNEL32.DLL
0x00007ffb27ca0000 - 0x00007ffb2803c000 	C:\WINDOWS\System32\KERNELBASE.dll
0x00007ffb282a0000 - 0x00007ffb283b1000 	C:\WINDOWS\System32\ucrtbase.dll
0x00007ffb21640000 - 0x00007ffb21658000 	C:\Users\narus\.jdks\openjdk-15.0.2\bin\jli.dll
0x00007ffb21690000 - 0x00007ffb216a9000 	C:\Users\narus\.jdks\openjdk-15.0.2\bin\VCRUNTIME140.dll
0x00007ffb287a0000 - 0x00007ffb2894d000 	C:\WINDOWS\System32\USER32.dll
0x00007ffb28270000 - 0x00007ffb28296000 	C:\WINDOWS\System32\win32u.dll
0x00007ffb2a3e0000 - 0x00007ffb2a409000 	C:\WINDOWS\System32\GDI32.dll
0x00007ffb28440000 - 0x00007ffb28552000 	C:\WINDOWS\System32\gdi32full.dll
0x00007ffb27c00000 - 0x00007ffb27c9a000 	C:\WINDOWS\System32\msvcp_win.dll
0x00007ffb16a30000 - 0x00007ffb16cbe000 	C:\WINDOWS\WinSxS\amd64_microsoft.windows.common-controls_6595b64144ccf1df_6.0.22621.608_none_a9444ca7c10bb01d\COMCTL32.dll
0x00007ffb286f0000 - 0x00007ffb28797000 	C:\WINDOWS\System32\msvcrt.dll
0x00007ffb28ae0000 - 0x00007ffb28b12000 	C:\WINDOWS\System32\IMM32.DLL
0x00007ffb22c70000 - 0x00007ffb22c7c000 	C:\Users\narus\.jdks\openjdk-15.0.2\bin\vcruntime140_1.dll
0x00007ffb17cc0000 - 0x00007ffb17d51000 	C:\Users\narus\.jdks\openjdk-15.0.2\bin\msvcp140.dll
0x00007ffa8a160000 - 0x00007ffa8acbe000 	C:\Users\narus\.jdks\openjdk-15.0.2\bin\server\jvm.dll
0x00007ffb29990000 - 0x00007ffb29a3e000 	C:\WINDOWS\System32\ADVAPI32.dll
0x00007ffb28960000 - 0x00007ffb28a04000 	C:\WINDOWS\System32\sechost.dll
0x00007ffb29870000 - 0x00007ffb29985000 	C:\WINDOWS\System32\RPCRT4.dll
0x00007ffb286e0000 - 0x00007ffb286e8000 	C:\WINDOWS\System32\PSAPI.DLL
0x00007ffb1b9c0000 - 0x00007ffb1b9f4000 	C:\WINDOWS\SYSTEM32\WINMM.dll
0x00007ffb0e1f0000 - 0x00007ffb0e1f9000 	C:\WINDOWS\SYSTEM32\WSOCK32.dll
0x00007ffb28660000 - 0x00007ffb286d1000 	C:\WINDOWS\System32\WS2_32.dll
0x00007ffb21230000 - 0x00007ffb2123a000 	C:\WINDOWS\SYSTEM32\VERSION.dll
0x00007ffb26cd0000 - 0x00007ffb26ce8000 	C:\WINDOWS\SYSTEM32\kernel.appcore.dll
0x00007ffb22a70000 - 0x00007ffb22a7a000 	C:\Users\narus\.jdks\openjdk-15.0.2\bin\jimage.dll
0x00007ffb25540000 - 0x00007ffb2576e000 	C:\WINDOWS\SYSTEM32\DBGHELP.DLL
0x00007ffb29220000 - 0x00007ffb295aa000 	C:\WINDOWS\System32\combase.dll
0x00007ffb2a410000 - 0x00007ffb2a4e7000 	C:\WINDOWS\System32\OLEAUT32.dll
0x00007ffb223f0000 - 0x00007ffb22422000 	C:\WINDOWS\SYSTEM32\dbgcore.DLL
0x00007ffb283c0000 - 0x00007ffb2843b000 	C:\WINDOWS\System32\bcryptPrimitives.dll
0x00007ffb216e0000 - 0x00007ffb216ee000 	C:\Users\narus\.jdks\openjdk-15.0.2\bin\instrument.dll
0x00007ffb21610000 - 0x00007ffb21635000 	C:\Users\narus\.jdks\openjdk-15.0.2\bin\java.dll

dbghelp: loaded successfully - version: 4.0.5 - missing functions: none
symbol engine: initialized successfully - sym options: 0x614 - pdb path: .;C:\Users\narus\.jdks\openjdk-15.0.2\bin;C:\WINDOWS\SYSTEM32;C:\WINDOWS\WinSxS\amd64_microsoft.windows.common-controls_6595b64144ccf1df_6.0.22621.608_none_a9444ca7c10bb01d;C:\Users\narus\.jdks\openjdk-15.0.2\bin\server

VM Arguments:
jvm_args: -javaagent:C:\Program Files\JetBrains\IntelliJ IDEA Community Edition 2020.3.1\lib\idea_rt.jar=56113:C:\Program Files\JetBrains\IntelliJ IDEA Community Edition 2020.3.1\bin -Dfile.encoding=UTF-8 
java_command: com.github.naruseon.beakjoon.gold.BOJ1916
java_class_path (initial): C:\Users\narus\Documents\GitHub\beakjoon\out\production\beakjoon
Launcher Type: SUN_STANDARD

[Global flags]
     intx CICompilerCount                          = 4                                         {product} {ergonomic}
     uint ConcGCThreads                            = 2                                         {product} {ergonomic}
     uint G1ConcRefinementThreads                  = 8                                         {product} {ergonomic}
   size_t G1HeapRegionSize                         = 1048576                                   {product} {ergonomic}
    uintx GCDrainStackTargetSize                   = 64                                        {product} {ergonomic}
   size_t InitialHeapSize                          = 130023424                                 {product} {ergonomic}
   size_t MarkStackSize                            = 4194304                                   {product} {ergonomic}
   size_t MaxHeapSize                              = 2071986176                                {product} {ergonomic}
   size_t MinHeapDeltaBytes                        = 1048576                                   {product} {ergonomic}
   size_t MinHeapSize                              = 8388608                                   {product} {ergonomic}
    uintx NonNMethodCodeHeapSize                   = 5839372                                {pd product} {ergonomic}
    uintx NonProfiledCodeHeapSize                  = 122909434                              {pd product} {ergonomic}
    uintx ProfiledCodeHeapSize                     = 122909434                              {pd product} {ergonomic}
    uintx ReservedCodeCacheSize                    = 251658240                              {pd product} {ergonomic}
     bool SegmentedCodeCache                       = true                                      {product} {ergonomic}
   size_t SoftMaxHeapSize                          = 2071986176                             {manageable} {ergonomic}
     bool UseCompressedClassPointers               = true                                 {lp64_product} {ergonomic}
     bool UseCompressedOops                        = true                                 {lp64_product} {ergonomic}
     bool UseG1GC                                  = true                                      {product} {ergonomic}
     bool UseLargePagesIndividualAllocation        = false                                  {pd product} {ergonomic}

Logging:
Log output configuration:
 #0: stdout all=warning uptime,level,tags
 #1: stderr all=off uptime,level,tags

Environment Variables:
JAVA_HOME=C:\Program Files\Java\jdk-15.0.2
PATH=C:\Program Files\Common Files\Oracle\Java\javapath;C:\WINDOWS\system32;C:\WINDOWS;C:\WINDOWS\System32\Wbem;C:\WINDOWS\System32\WindowsPowerShell\v1.0\;C:\WINDOWS\System32\OpenSSH\;C:\Program Files\Git\cmd;C:\Program Files\Java\jdk-15.0.2\bin;C:\Program Files\nodejs\;C:\Program Files\MySQL\MySQL Server 8.0\bin;C:\Program Files\Microsoft SQL Server\120\Tools\Binn\;C:\Program Files\Common Files\Autodesk Shared\;C:\Program Files\Bandizip\;C:\Program Files\dotnet\;C:\Program Files (x86)\Windows Live\Shared;C:\Users\narus\AppData\Local\Programs\Python\Python311;C:\Users\narus\AppData\Local\Programs\Python\Python311\Scripts;C:\Program Files\MySQL\MySQL Shell 8.0\bin\;C:\Users\narus\AppData\Local\Microsoft\WindowsApps;C:\Program Files\JetBrains\IntelliJ IDEA Community Edition 2020.3.1\bin;;C:\Users\narus\AppData\Local\GitHubDesktop\bin;C:\Program Files\JetBrains\PyCharm Community Edition 2020.3.3\bin;;C:\Program Files\Java\jdk-15.0.2\bin;C:\Users\narus\AppData\Local\Programs\Microsoft VS Code\bin;C:\Users\narus\AppData\Roaming\npm;C:\Program Files\JetBrains\PhpStorm 2021.2\bin;;C:\Users\narus\AppData\Local\Programs\Python\Python311;C:\Users\narus\AppData\Local\Programs\Python\Python311\Scripts;
USERNAME=naruseon
OS=Windows_NT
PROCESSOR_IDENTIFIER=Intel64 Family 6 Model 140 Stepping 1, GenuineIntel



---------------  S Y S T E M  ---------------

OS:
 Windows 10 , 64 bit Build 22621 (10.0.22621.1194)
OS uptime: 2 days 4:16 hours

CPU: total 8 (initial active 8) (4 cores per cpu, 2 threads per core) family 6 model 140 stepping 1 microcode 0x8a, cmov, cx8, fxsr, mmx, sse, sse2, sse3, ssse3, sse4.1, sse4.2, popcnt, vzeroupper, avx, avx2, aes, clmul, erms, 3dnowpref, lzcnt, ht, tsc, tscinvbit, bmi1, bmi2, adx, avx512f, avx512dq, avx512cd, avx512bw, avx512vl, avx512_vpopcntdq, avx512_vpclmulqdq, avx512_vbmi, avx512_vbmi2, avx512_vaes, avx512_vnni, sha, fma, clflush, clflushopt, clwb

Memory: 4k page, system-wide physical 7900M (990M free)
TotalPageFile size 32476M (AvailPageFile size 115M)
current process WorkingSet (physical memory assigned to process): 11M, peak: 11M
current process commit charge ("private bytes"): 60M, peak: 184M

vm_info: OpenJDK 64-Bit Server VM (15.0.2+7-27) for windows-amd64 JRE (15.0.2+7-27), built on Dec  7 2020 20:02:38 by "mach5one" with unknown MS VC++:1925

END.
