#
# There is insufficient memory for the Java Runtime Environment to continue.
# Native memory allocation (mmap) failed to map 130023424 bytes for G1 virtual space
# Possible reasons:
#   The system is out of physical RAM or swap space
#   The process is running with CompressedOops enabled, and the Java Heap may be blocking the growth of the native heap
# Possible solutions:
#   Reduce memory load on the system
#   Increase physical memory or swap space
#   Check if swap backing store is full
#   Decrease Java heap size (-Xmx/-Xms)
#   Decrease number of Java threads
#   Decrease Java thread stack sizes (-Xss)
#   Set larger code cache with -XX:ReservedCodeCacheSize=
#   JVM is running with Unscaled Compressed Oops mode in which the Java heap is
#     placed in the first 4GB address space. The Java Heap base address is the
#     maximum limit for the native heap growth. Please use -XX:HeapBaseMinAddress
#     to set the Java Heap base and to place the Java Heap above 4GB virtual address.
# This output file may be truncated or incomplete.
#
#  Out of Memory Error (./open/src/hotspot/os/windows/os_windows.cpp:3321), pid=3740, tid=1844
#
# JRE version:  (15.0.2+7) (build )
# Java VM: OpenJDK 64-Bit Server VM (15.0.2+7-27, mixed mode, sharing, tiered, compressed oops, g1 gc, windows-amd64)
# No core dump will be written. Minidumps are not enabled by default on client versions of Windows
#

---------------  S U M M A R Y ------------

Command Line: -javaagent:C:\Program Files\JetBrains\IntelliJ IDEA Community Edition 2020.3.1\lib\idea_rt.jar=54765:C:\Program Files\JetBrains\IntelliJ IDEA Community Edition 2020.3.1\bin -Dfile.encoding=UTF-8 com.github.naruseon.beakjoon.silver.BOJ11660

Host: 11th Gen Intel(R) Core(TM) i7-1165G7 @ 2.80GHz, 8 cores, 7G,  Windows 10 , 64 bit Build 22621 (10.0.22621.1194)
Time: Fri Mar 10 11:56:36 2023 대한민국 표준시 elapsed time: 0.026032 seconds (0d 0h 0m 0s)

---------------  T H R E A D  ---------------

Current thread (0x0000027bc7ec0ee0):  JavaThread "Unknown thread" [_thread_in_vm, id=1844, stack(0x000000e6f8e00000,0x000000e6f8f00000)]

Stack: [0x000000e6f8e00000,0x000000e6f8f00000]
Native frames: (J=compiled Java code, j=interpreted, Vv=VM code, C=native code)
V  [jvm.dll+0x62ae9a]
V  [jvm.dll+0x7817a9]
V  [jvm.dll+0x782f03]
V  [jvm.dll+0x783563]
V  [jvm.dll+0x216325]
V  [jvm.dll+0x6281d9]
V  [jvm.dll+0x61cf55]
V  [jvm.dll+0x2cffdd]
V  [jvm.dll+0x2cfe42]
V  [jvm.dll+0x2d5e1c]
V  [jvm.dll+0x32590a]
V  [jvm.dll+0x324fd4]
V  [jvm.dll+0x2a6f5a]
V  [jvm.dll+0x2a80f8]
V  [jvm.dll+0x75e241]
V  [jvm.dll+0x3341c4]
V  [jvm.dll+0x73e926]
V  [jvm.dll+0x3b7557]
V  [jvm.dll+0x3b8fe1]
C  [jli.dll+0x52fb]
C  [ucrtbase.dll+0x29363]
C  [KERNEL32.DLL+0x126bd]
C  [ntdll.dll+0x5dfb8]


---------------  P R O C E S S  ---------------

Threads class SMR info:
_java_thread_list=0x00007ffc96224ff0, length=0, elements={
}

Java Threads: ( => current thread )

Other Threads:
  0x0000027bc7efeab0 GCTaskThread "GC Thread#0" [stack: 0x000000e6f8f00000,0x000000e6f9000000] [id=25376]
  0x0000027bc7f10470 ConcurrentGCThread "G1 Main Marker" [stack: 0x000000e6f9000000,0x000000e6f9100000] [id=15160]
  0x0000027bc7f11800 ConcurrentGCThread "G1 Conc#0" [stack: 0x000000e6f9100000,0x000000e6f9200000] [id=19624]

[error occurred during error reporting (printing all threads), id 0xc0000005, EXCEPTION_ACCESS_VIOLATION (0xc0000005) at pc=0x00007ffc95a17e27]

VM state: not at safepoint (not fully initialized)

VM Mutex/Monitor currently owned by a thread:  ([mutex/lock_event])
[0x0000027bc7ebb370] Heap_lock - owner thread: 0x0000027bc7ec0ee0

Heap address: 0x0000000084800000, size: 1976 MB, Compressed Oops mode: 32-bit
CDS archive(s) mapped at: [0x0000000000000000-0x0000000000000000-0x0000000000000000), size 0, SharedBaseAddress: 0x0000000800000000, ArchiveRelocationMode: 0.
Narrow klass base: 0x0000000000000000, Narrow klass shift: 0, Narrow klass range: 0x0

Heap:
 garbage-first heap   total 126976K, used 0K [0x0000000084800000, 0x0000000100000000)
  region size 1024K, 0 young (0K), 0 survivors (0K)
 Metaspace       used 0K, capacity 0K, committed 0K, reserved 0K
  class space    used 0K, capacity 0K, committed 0K, reserved 0K

Heap Regions: E=young(eden), S=young(survivor), O=old, HS=humongous(starts), HC=humongous(continues), CS=collection set, F=free, OA=open archive, CA=closed archive, TAMS=top-at-mark-start (previous, next)

Card table byte_map: [0x0000027bdf820000,0x0000027bdfc00000] _byte_map_base: 0x0000027bdf3fc000

Marking Bits (Prev, Next): (CMBitMap*) 0x0000027bc7f002b0, (CMBitMap*) 0x0000027bc7f002f0
 Prev Bits: [0x0000027bdffe0000, 0x0000027be1ec0000)
 Next Bits: [0x0000027be1ec0000, 0x0000027be3da0000)

GC Heap History (0 events):
No events

Deoptimization events (0 events):
No events

Classes unloaded (0 events):
No events

Classes redefined (0 events):
No events

Internal exceptions (0 events):
No events

Events (1 events):
Event: 0.019 Loaded shared library C:\Users\narus\.jdks\openjdk-15.0.2\bin\java.dll


Dynamic libraries:
0x00007ff78a100000 - 0x00007ff78a10d000 	C:\Users\narus\.jdks\openjdk-15.0.2\bin\java.exe
0x00007ffcf7d90000 - 0x00007ffcf7fa4000 	C:\WINDOWS\SYSTEM32\ntdll.dll
0x00007ffcf7000000 - 0x00007ffcf70c3000 	C:\WINDOWS\System32\KERNEL32.DLL
0x00007ffcf5290000 - 0x00007ffcf562c000 	C:\WINDOWS\System32\KERNELBASE.dll
0x00007ffcf58f0000 - 0x00007ffcf5a01000 	C:\WINDOWS\System32\ucrtbase.dll
0x00007ffce68a0000 - 0x00007ffce68b8000 	C:\Users\narus\.jdks\openjdk-15.0.2\bin\jli.dll
0x00007ffce6980000 - 0x00007ffce6999000 	C:\Users\narus\.jdks\openjdk-15.0.2\bin\VCRUNTIME140.dll
0x00007ffcf7b10000 - 0x00007ffcf7cbd000 	C:\WINDOWS\System32\USER32.dll
0x00007ffcf5750000 - 0x00007ffcf5776000 	C:\WINDOWS\System32\win32u.dll
0x00007ffcf76c0000 - 0x00007ffcf76e9000 	C:\WINDOWS\System32\GDI32.dll
0x00007ffcf5a80000 - 0x00007ffcf5b92000 	C:\WINDOWS\System32\gdi32full.dll
0x00007ffcf56b0000 - 0x00007ffcf574a000 	C:\WINDOWS\System32\msvcp_win.dll
0x00007ffce4e40000 - 0x00007ffce50ce000 	C:\WINDOWS\WinSxS\amd64_microsoft.windows.common-controls_6595b64144ccf1df_6.0.22621.608_none_a9444ca7c10bb01d\COMCTL32.dll
0x00007ffcf5bd0000 - 0x00007ffcf5c77000 	C:\WINDOWS\System32\msvcrt.dll
0x00007ffcf7430000 - 0x00007ffcf7462000 	C:\WINDOWS\System32\IMM32.DLL
0x00007ffce8780000 - 0x00007ffce878c000 	C:\Users\narus\.jdks\openjdk-15.0.2\bin\vcruntime140_1.dll
0x00007ffcbc660000 - 0x00007ffcbc6f1000 	C:\Users\narus\.jdks\openjdk-15.0.2\bin\msvcp140.dll
0x00007ffc95760000 - 0x00007ffc962be000 	C:\Users\narus\.jdks\openjdk-15.0.2\bin\server\jvm.dll
0x00007ffcf61b0000 - 0x00007ffcf625e000 	C:\WINDOWS\System32\ADVAPI32.dll
0x00007ffcf7470000 - 0x00007ffcf7514000 	C:\WINDOWS\System32\sechost.dll
0x00007ffcf79f0000 - 0x00007ffcf7b05000 	C:\WINDOWS\System32\RPCRT4.dll
0x00007ffcf5bc0000 - 0x00007ffcf5bc8000 	C:\WINDOWS\System32\PSAPI.DLL
0x00007ffcdce40000 - 0x00007ffcdce49000 	C:\WINDOWS\SYSTEM32\WSOCK32.dll
0x00007ffced740000 - 0x00007ffced774000 	C:\WINDOWS\SYSTEM32\WINMM.dll
0x00007ffcee7e0000 - 0x00007ffcee7ea000 	C:\WINDOWS\SYSTEM32\VERSION.dll
0x00007ffcf7640000 - 0x00007ffcf76b1000 	C:\WINDOWS\System32\WS2_32.dll
0x00007ffcf4310000 - 0x00007ffcf4328000 	C:\WINDOWS\SYSTEM32\kernel.appcore.dll
0x00007ffce6970000 - 0x00007ffce697a000 	C:\Users\narus\.jdks\openjdk-15.0.2\bin\jimage.dll
0x00007ffcf2ba0000 - 0x00007ffcf2dce000 	C:\WINDOWS\SYSTEM32\DBGHELP.DLL
0x00007ffcf6c70000 - 0x00007ffcf6ffa000 	C:\WINDOWS\System32\combase.dll
0x00007ffcf7290000 - 0x00007ffcf7367000 	C:\WINDOWS\System32\OLEAUT32.dll
0x00007ffce9770000 - 0x00007ffce97a2000 	C:\WINDOWS\SYSTEM32\dbgcore.DLL
0x00007ffcf5630000 - 0x00007ffcf56ab000 	C:\WINDOWS\System32\bcryptPrimitives.dll
0x00007ffce6790000 - 0x00007ffce679e000 	C:\Users\narus\.jdks\openjdk-15.0.2\bin\instrument.dll
0x00007ffce60e0000 - 0x00007ffce6105000 	C:\Users\narus\.jdks\openjdk-15.0.2\bin\java.dll

dbghelp: loaded successfully - version: 4.0.5 - missing functions: none
symbol engine: initialized successfully - sym options: 0x614 - pdb path: .;C:\Users\narus\.jdks\openjdk-15.0.2\bin;C:\WINDOWS\SYSTEM32;C:\WINDOWS\WinSxS\amd64_microsoft.windows.common-controls_6595b64144ccf1df_6.0.22621.608_none_a9444ca7c10bb01d;C:\Users\narus\.jdks\openjdk-15.0.2\bin\server

VM Arguments:
jvm_args: -javaagent:C:\Program Files\JetBrains\IntelliJ IDEA Community Edition 2020.3.1\lib\idea_rt.jar=54765:C:\Program Files\JetBrains\IntelliJ IDEA Community Edition 2020.3.1\bin -Dfile.encoding=UTF-8 
java_command: com.github.naruseon.beakjoon.silver.BOJ11660
java_class_path (initial): C:\Users\narus\Documents\GitHub\beakjoon\out\production\beakjoon
Launcher Type: SUN_STANDARD

[Global flags]
     intx CICompilerCount                          = 4                                         {product} {ergonomic}
     uint ConcGCThreads                            = 2                                         {product} {ergonomic}
     uint G1ConcRefinementThreads                  = 8                                         {product} {ergonomic}
   size_t G1HeapRegionSize                         = 1048576                                   {product} {ergonomic}
    uintx GCDrainStackTargetSize                   = 64                                        {product} {ergonomic}
   size_t InitialHeapSize                          = 130023424                                 {product} {ergonomic}
   size_t MarkStackSize                            = 4194304                                   {product} {ergonomic}
   size_t MaxHeapSize                              = 2071986176                                {product} {ergonomic}
   size_t MinHeapDeltaBytes                        = 1048576                                   {product} {ergonomic}
   size_t MinHeapSize                              = 8388608                                   {product} {ergonomic}
    uintx NonNMethodCodeHeapSize                   = 5839372                                {pd product} {ergonomic}
    uintx NonProfiledCodeHeapSize                  = 122909434                              {pd product} {ergonomic}
    uintx ProfiledCodeHeapSize                     = 122909434                              {pd product} {ergonomic}
    uintx ReservedCodeCacheSize                    = 251658240                              {pd product} {ergonomic}
     bool SegmentedCodeCache                       = true                                      {product} {ergonomic}
   size_t SoftMaxHeapSize                          = 2071986176                             {manageable} {ergonomic}
     bool UseCompressedClassPointers               = true                                 {lp64_product} {ergonomic}
     bool UseCompressedOops                        = true                                 {lp64_product} {ergonomic}
     bool UseG1GC                                  = true                                      {product} {ergonomic}
     bool UseLargePagesIndividualAllocation        = false                                  {pd product} {ergonomic}

Logging:
Log output configuration:
 #0: stdout all=warning uptime,level,tags
 #1: stderr all=off uptime,level,tags

Environment Variables:
JAVA_HOME=C:\Program Files\Java\jdk-15.0.2
PATH=C:\Program Files\Common Files\Oracle\Java\javapath;C:\WINDOWS\system32;C:\WINDOWS;C:\WINDOWS\System32\Wbem;C:\WINDOWS\System32\WindowsPowerShell\v1.0\;C:\WINDOWS\System32\OpenSSH\;C:\Program Files\Git\cmd;C:\Program Files\Java\jdk-15.0.2\bin;C:\Program Files\nodejs\;C:\Program Files\MySQL\MySQL Server 8.0\bin;C:\Program Files\Microsoft SQL Server\120\Tools\Binn\;C:\Program Files\Common Files\Autodesk Shared\;C:\Program Files\Bandizip\;C:\Program Files\dotnet\;C:\Program Files (x86)\Windows Live\Shared;C:\Users\narus\AppData\Local\Programs\Python\Python311;C:\Users\narus\AppData\Local\Programs\Python\Python311\Scripts;C:\Program Files\MySQL\MySQL Shell 8.0\bin\;C:\Users\narus\AppData\Local\Microsoft\WindowsApps;C:\Program Files\JetBrains\IntelliJ IDEA Community Edition 2020.3.1\bin;;C:\Users\narus\AppData\Local\GitHubDesktop\bin;C:\Program Files\JetBrains\PyCharm Community Edition 2020.3.3\bin;;C:\Program Files\Java\jdk-15.0.2\bin;C:\Users\narus\AppData\Local\Programs\Microsoft VS Code\bin;C:\Users\narus\AppData\Roaming\npm;C:\Program Files\JetBrains\PhpStorm 2021.2\bin;;C:\Users\narus\AppData\Local\Programs\Python\Python311;C:\Users\narus\AppData\Local\Programs\Python\Python311\Scripts;
USERNAME=naruseon
OS=Windows_NT
PROCESSOR_IDENTIFIER=Intel64 Family 6 Model 140 Stepping 1, GenuineIntel



---------------  S Y S T E M  ---------------

OS:
 Windows 10 , 64 bit Build 22621 (10.0.22621.1194)
OS uptime: 3 days 14:11 hours

CPU: total 8 (initial active 8) (4 cores per cpu, 2 threads per core) family 6 model 140 stepping 1 microcode 0x8a, cmov, cx8, fxsr, mmx, sse, sse2, sse3, ssse3, sse4.1, sse4.2, popcnt, vzeroupper, avx, avx2, aes, clmul, erms, 3dnowpref, lzcnt, ht, tsc, tscinvbit, bmi1, bmi2, adx, avx512f, avx512dq, avx512cd, avx512bw, avx512vl, avx512_vpopcntdq, avx512_vpclmulqdq, avx512_vbmi, avx512_vbmi2, avx512_vaes, avx512_vnni, sha, fma, clflush, clflushopt, clwb

Memory: 4k page, system-wide physical 7900M (675M free)
TotalPageFile size 32476M (AvailPageFile size 63M)
current process WorkingSet (physical memory assigned to process): 11M, peak: 11M
current process commit charge ("private bytes"): 60M, peak: 184M

vm_info: OpenJDK 64-Bit Server VM (15.0.2+7-27) for windows-amd64 JRE (15.0.2+7-27), built on Dec  7 2020 20:02:38 by "mach5one" with unknown MS VC++:1925

END.
